<?xml version="1.0" encoding="UTF-8"?>
<testsuite xmlns:xsi="http://www.w3.org/2001/XMLSchema-instance" xsi:noNamespaceSchemaLocation="https://maven.apache.org/surefire/maven-surefire-plugin/xsd/surefire-test-report-3.0.xsd" version="3.0" name="runners.TestRunner" time="4.046" tests="1" errors="0" skipped="0" failures="0">
  <properties>
[...]
</properties>
  <testcase name="Verify API Response" classname="API Testing in BDD" time="3.649">
    <system-out><![CDATA[
Scenario: Verify API Response                      # src/test/resources/features/apiTest.feature:3
  Given the API Endpoint "https://httpstat.us/200" # steps.ApiTestSteps.theApiEndpoint(java.lang.String)
  When I send a GET Request                        # steps.ApiTestSteps.iSendGetRequest()
  Then the response status should be 200           # steps.ApiTestSteps.theResoponseStatusShouldBe(int)
  And the response should contain "200 OK"         # steps.ApiTestSteps.theResponseShouldContain(java.lang.String)
]]></system-out>
  </testcase>
</testsuite>